This is pdfTeX, Version 3.14159265-2.6-1.40.16 (TeX Live 2015) (preloaded format=pdflatex 2015.5.24)  8 AUG 2017 16:51
entering extended mode
 restricted \write18 enabled.
 %&-line parsing enabled.
**West_Valley_Param_Ranges.tex
(./West_Valley_Param_Ranges.tex
LaTeX2e <2015/01/01>
Babel <3.9l> and hyphenation patterns for 79 languages loaded.
(/usr/local/texlive/2015/texmf-dist/tex/latex/base/article.cls
Document Class: article 2014/09/29 v1.4h Standard LaTeX document class
(/usr/local/texlive/2015/texmf-dist/tex/latex/base/size12.clo
File: size12.clo 2014/09/29 v1.4h Standard LaTeX file (size option)
)
\c@part=\count79
\c@section=\count80
\c@subsection=\count81
\c@subsubsection=\count82
\c@paragraph=\count83
\c@subparagraph=\count84
\c@figure=\count85
\c@table=\count86
\abovecaptionskip=\skip41
\belowcaptionskip=\skip42
\bibindent=\dimen102
)
(/usr/local/texlive/2015/texmf-dist/tex/latex/amsmath/amsmath.sty
Package: amsmath 2013/01/14 v2.14 AMS math features
\@mathmargin=\skip43

For additional information on amsmath, use the `?' option.
(/usr/local/texlive/2015/texmf-dist/tex/latex/amsmath/amstext.sty
Package: amstext 2000/06/29 v2.01

(/usr/local/texlive/2015/texmf-dist/tex/latex/amsmath/amsgen.sty
File: amsgen.sty 1999/11/30 v2.0
\@emptytoks=\toks14
\ex@=\dimen103
))
(/usr/local/texlive/2015/texmf-dist/tex/latex/amsmath/amsbsy.sty
Package: amsbsy 1999/11/29 v1.2d
\pmbraise@=\dimen104
)
(/usr/local/texlive/2015/texmf-dist/tex/latex/amsmath/amsopn.sty
Package: amsopn 1999/12/14 v2.01 operator names
)
\inf@bad=\count87
LaTeX Info: Redefining \frac on input line 210.
\uproot@=\count88
\leftroot@=\count89
LaTeX Info: Redefining \overline on input line 306.
\classnum@=\count90
\DOTSCASE@=\count91
LaTeX Info: Redefining \ldots on input line 378.
LaTeX Info: Redefining \dots on input line 381.
LaTeX Info: Redefining \cdots on input line 466.
\Mathstrutbox@=\box26
\strutbox@=\box27
\big@size=\dimen105
LaTeX Font Info:    Redeclaring font encoding OML on input line 566.
LaTeX Font Info:    Redeclaring font encoding OMS on input line 567.
\macc@depth=\count92
\c@MaxMatrixCols=\count93
\dotsspace@=\muskip10
\c@parentequation=\count94
\dspbrk@lvl=\count95
\tag@help=\toks15
\row@=\count96
\column@=\count97
\maxfields@=\count98
\andhelp@=\toks16
\eqnshift@=\dimen106
\alignsep@=\dimen107
\tagshift@=\dimen108
\tagwidth@=\dimen109
\totwidth@=\dimen110
\lineht@=\dimen111
\@envbody=\toks17
\multlinegap=\skip44
\multlinetaggap=\skip45
\mathdisplay@stack=\toks18
LaTeX Info: Redefining \[ on input line 2665.
LaTeX Info: Redefining \] on input line 2666.
)
(./West_Valley_Param_Ranges.aux)
\openout1 = `West_Valley_Param_Ranges.aux'.

LaTeX Font Info:    Checking defaults for OML/cmm/m/it on input line 4.
LaTeX Font Info:    ... okay on input line 4.
LaTeX Font Info:    Checking defaults for T1/cmr/m/n on input line 4.
LaTeX Font Info:    ... okay on input line 4.
LaTeX Font Info:    Checking defaults for OT1/cmr/m/n on input line 4.
LaTeX Font Info:    ... okay on input line 4.
LaTeX Font Info:    Checking defaults for OMS/cmsy/m/n on input line 4.
LaTeX Font Info:    ... okay on input line 4.
LaTeX Font Info:    Checking defaults for OMX/cmex/m/n on input line 4.
LaTeX Font Info:    ... okay on input line 4.
LaTeX Font Info:    Checking defaults for U/cmr/m/n on input line 4.
LaTeX Font Info:    ... okay on input line 4.

Underfull \hbox (badness 10000) in paragraph at lines 6--48

 []


Underfull \hbox (badness 10000) in paragraph at lines 6--48

 []


Underfull \hbox (badness 10000) in paragraph at lines 6--48

 []


Underfull \hbox (badness 10000) in paragraph at lines 6--48

 []


Underfull \hbox (badness 10000) in paragraph at lines 6--48

 []


Underfull \hbox (badness 10000) in paragraph at lines 6--48

 []


Underfull \hbox (badness 10000) in paragraph at lines 6--48

 []


Underfull \hbox (badness 10000) in paragraph at lines 6--48

 []


Underfull \hbox (badness 10000) in paragraph at lines 50--58

 []

[1

{/usr/local/texlive/2015/texmf-var/fonts/map/pdftex/updmap/pdftex.map}]
Underfull \hbox (badness 10000) in paragraph at lines 61--90

 []


Underfull \hbox (badness 10000) in paragraph at lines 61--90

 []


Underfull \hbox (badness 10000) in paragraph at lines 61--90

 []


Underfull \hbox (badness 10000) in paragraph at lines 61--90

 []


Underfull \hbox (badness 10000) in paragraph at lines 92--128

 []


Underfull \hbox (badness 10000) in paragraph at lines 92--128

 []


Underfull \hbox (badness 10000) in paragraph at lines 92--128

 []


Underfull \hbox (badness 10000) in paragraph at lines 92--128

 []


Underfull \hbox (badness 10000) in paragraph at lines 92--128

 []


Underfull \hbox (badness 10000) in paragraph at lines 92--128

 []


Underfull \hbox (badness 10000) in paragraph at lines 92--128

 []


Underfull \hbox (badness 10000) in paragraph at lines 92--128

 []

[2]
LaTeX Font Info:    Try loading font information for OMS+cmr on input line 130.

 (/usr/local/texlive/2015/texmf-dist/tex/latex/base/omscmr.fd
File: omscmr.fd 2014/09/29 v2.5h Standard LaTeX font definitions
)
LaTeX Font Info:    Font shape `OMS/cmr/m/n' in size <12> not available
(Font)              Font shape `OMS/cmsy/m/n' tried instead on input line 130.
 [3]
Underfull \hbox (badness 10000) in paragraph at lines 144--157

 []


Underfull \hbox (badness 10000) in paragraph at lines 144--157

 []


Underfull \hbox (badness 10000) in paragraph at lines 171--184

 []


Underfull \hbox (badness 10000) in paragraph at lines 171--184

 []


Underfull \hbox (badness 10000) in paragraph at lines 191--200

 []

[4]
Underfull \hbox (badness 10000) in paragraph at lines 208--216

 []


Underfull \hbox (badness 10000) in paragraph at lines 219--244

 []


Underfull \hbox (badness 10000) in paragraph at lines 219--244

 []


Underfull \hbox (badness 10000) in paragraph at lines 219--244

 []

[5]
Underfull \hbox (badness 10000) in paragraph at lines 262--270

 []

Missing character: There is no ‚ in font cmr12!
Missing character: There is no Ä in font cmr12!
Missing character: There is no ê in font cmr12!
Missing character: There is no ‚ in font cmr12!
Missing character: There is no Ä in font cmr12!
Missing character: There is no ê in font cmr12!
Missing character: There is no ‚ in font cmr12!
Missing character: There is no Ä in font cmr12!
Missing character: There is no ê in font cmr12!
Missing character: There is no ‚ in font cmr12!
Missing character: There is no Ä in font cmr12!
Missing character: There is no ê in font cmr12!
Missing character: There is no ‚ in font cmr12!
Missing character: There is no Ä in font cmr12!
Missing character: There is no ê in font cmr12!
Missing character: There is no √ in font cmr12!
Missing character: There is no º in font cmr12!

Underfull \hbox (badness 10000) in paragraph at lines 272--386

 []


Underfull \hbox (badness 10000) in paragraph at lines 272--386

 []


Underfull \hbox (badness 10000) in paragraph at lines 272--386

 []


Underfull \hbox (badness 10000) in paragraph at lines 272--386

 []


Underfull \hbox (badness 10000) in paragraph at lines 272--386

 []


Underfull \hbox (badness 10000) in paragraph at lines 272--386

 []


Underfull \hbox (badness 10000) in paragraph at lines 272--386

 []


Underfull \hbox (badness 10000) in paragraph at lines 272--386

 []


Underfull \hbox (badness 10000) in paragraph at lines 272--386

 []


Underfull \hbox (badness 10000) in paragraph at lines 272--386

 []


Underfull \hbox (badness 10000) in paragraph at lines 272--386

 []


Underfull \hbox (badness 10000) in paragraph at lines 272--386

 []


Underfull \hbox (badness 10000) in paragraph at lines 272--386

 []


Underfull \hbox (badness 10000) in paragraph at lines 272--386

 []


Underfull \hbox (badness 10000) in paragraph at lines 272--386

 []


Underfull \hbox (badness 10000) in paragraph at lines 272--386

 []


Underfull \hbox (badness 10000) in paragraph at lines 272--386

 []


Underfull \hbox (badness 10000) in paragraph at lines 272--386

 []


Underfull \hbox (badness 10000) in paragraph at lines 272--386

 []


Underfull \hbox (badness 10000) in paragraph at lines 272--386

 []


Underfull \hbox (badness 10000) in paragraph at lines 272--386

 []


Overfull \hbox (0.70663pt too wide) in paragraph at lines 272--386
\OT1/cmr/m/n/12 Meyer-Peter, Eu-gen, and R. Mller. "For-mu-las for bed-load tra
ns-port." IAHR,
 []


Underfull \hbox (badness 10000) in paragraph at lines 272--386

 []


Underfull \hbox (badness 10000) in paragraph at lines 272--386

 []


Underfull \hbox (badness 10000) in paragraph at lines 272--386

 []


Underfull \hbox (badness 10000) in paragraph at lines 272--386

 []


Underfull \hbox (badness 10000) in paragraph at lines 272--386

 []


Underfull \hbox (badness 10000) in paragraph at lines 272--386

 []


Underfull \hbox (badness 10000) in paragraph at lines 272--386

 []


Underfull \hbox (badness 10000) in paragraph at lines 272--386

 []


Underfull \hbox (badness 10000) in paragraph at lines 272--386

 []


Underfull \hbox (badness 10000) in paragraph at lines 272--386

 []

[6] [7] [8] [9] (./West_Valley_Param_Ranges.aux) )
(\end occurred inside a group at level 1)

### simple group (level 1) entered at line 100 ({)
### bottom level 
Here is how much of TeX's memory you used:
 852 strings out of 493089
 9824 string characters out of 6134842
 73218 words of memory out of 5000000
 4391 multiletter control sequences out of 15000+600000
 9109 words of font info for 33 fonts, out of 8000000 for 9000
 1141 hyphenation exceptions out of 8191
 27i,5n,20p,738b,191s stack positions out of 5000i,500n,10000p,200000b,80000s
</usr/local/texlive/2015/texmf-dist/fonts/type1/public/amsfonts
/cm/cmbx12.pfb></usr/local/texlive/2015/texmf-dist/fonts/type1/public/amsfonts/
cm/cmmi12.pfb></usr/local/texlive/2015/texmf-dist/fonts/type1/public/amsfonts/c
m/cmmi8.pfb></usr/local/texlive/2015/texmf-dist/fonts/type1/public/amsfonts/cm/
cmr12.pfb></usr/local/texlive/2015/texmf-dist/fonts/type1/public/amsfonts/cm/cm
r8.pfb></usr/local/texlive/2015/texmf-dist/fonts/type1/public/amsfonts/cm/cmsy1
0.pfb></usr/local/texlive/2015/texmf-dist/fonts/type1/public/amsfonts/cm/cmsy8.
pfb>
Output written on West_Valley_Param_Ranges.pdf (9 pages, 98666 bytes).
PDF statistics:
 62 PDF objects out of 1000 (max. 8388607)
 43 compressed objects within 1 object stream
 0 named destinations out of 1000 (max. 500000)
 1 words of extra memory for PDF output out of 10000 (max. 10000000)

